2025-04-02 16:52:23,427 - __main__ - INFO - Starting test run...
2025-04-02 16:52:23,427 - ringba_bot - INFO - Setting up Chrome WebDriver...
2025-04-02 16:52:23,428 - WDM - INFO - ====== WebDriver manager ======
2025-04-02 16:52:23,956 - WDM - INFO - Get LATEST chromedriver version for google-chrome
2025-04-02 16:52:24,371 - WDM - INFO - Get LATEST chromedriver version for google-chrome
2025-04-02 16:52:24,719 - WDM - INFO - There is no [win64] chromedriver "134.0.6998.165" for browser google-chrome "134.0.6998" in cache
2025-04-02 16:52:24,720 - WDM - INFO - Get LATEST chromedriver version for google-chrome
2025-04-02 16:52:25,523 - WDM - INFO - WebDriver version 134.0.6998.165 selected
2025-04-02 16:52:25,525 - WDM - INFO - Modern chrome version https://storage.googleapis.com/chrome-for-testing-public/134.0.6998.165/win32/chromedriver-win32.zip
2025-04-02 16:52:25,525 - WDM - INFO - About to download new driver from https://storage.googleapis.com/chrome-for-testing-public/134.0.6998.165/win32/chromedriver-win32.zip
2025-04-02 16:52:25,917 - WDM - INFO - Driver downloading response is 200
2025-04-02 16:52:26,430 - WDM - INFO - Get LATEST chromedriver version for google-chrome
2025-04-02 16:52:27,833 - WDM - INFO - Driver has been saved in cache [C:\Users\Alan Leyva\.wdm\drivers\chromedriver\win64\134.0.6998.165]
2025-04-02 16:52:27,859 - ringba_bot - ERROR - Error setting up WebDriver: [WinError 193] %1 is not a valid Win32 application
2025-04-02 16:52:27,860 - __main__ - ERROR - Error during test: [WinError 193] %1 is not a valid Win32 application
2025-04-02 16:55:56,264 - __main__ - INFO - Starting test run...
2025-04-02 16:55:56,265 - ringba_bot - INFO - Setting up Chrome WebDriver...
2025-04-02 16:55:56,267 - ringba_bot - ERROR - Error setting up WebDriver: cannot access local variable 'ChromeDriverManager' where it is not associated with a value
2025-04-02 16:55:56,267 - __main__ - ERROR - ChromeDriver setup failed: cannot access local variable 'ChromeDriverManager' where it is not associated with a value
2025-04-02 16:55:56,268 - __main__ - INFO - Trying alternative ChromeDriver setup...
2025-04-02 16:55:56,268 - __main__ - ERROR - Error during test: ChromeDriverManager.__init__() got an unexpected keyword argument 'os_type'
2025-04-02 17:04:52,353 - __main__ - INFO - Starting test run...
2025-04-02 17:04:52,354 - ringba_bot - INFO - Setting up Chrome WebDriver...
2025-04-02 17:04:52,354 - ringba_bot - WARNING - Standard ChromeDriver setup failed: cannot access local variable 'ChromeDriverManager' where it is not associated with a value
2025-04-02 17:04:52,354 - ringba_bot - INFO - Trying alternative ChromeDriver setup...
2025-04-02 17:04:52,354 - WDM - INFO - ====== WebDriver manager ======
2025-04-02 17:04:52,878 - WDM - INFO - Get LATEST chromedriver version for google-chrome
2025-04-02 17:04:53,243 - WDM - INFO - Get LATEST chromedriver version for google-chrome
2025-04-02 17:04:53,603 - WDM - INFO - Driver [C:\Users\Alan Leyva\.wdm\drivers\chromedriver\win64\134.0.6998.165\chromedriver-win32/THIRD_PARTY_NOTICES.chromedriver] found in cache
2025-04-02 17:04:53,604 - ringba_bot - ERROR - Error setting up WebDriver: [WinError 193] %1 is not a valid Win32 application
2025-04-02 17:04:53,604 - __main__ - ERROR - ChromeDriver setup failed: [WinError 193] %1 is not a valid Win32 application
2025-04-02 17:04:53,605 - __main__ - INFO - Trying alternative ChromeDriver setup...
2025-04-02 17:04:53,605 - WDM - INFO - ====== WebDriver manager ======
2025-04-02 17:04:54,075 - WDM - INFO - Get LATEST chromedriver version for google-chrome
2025-04-02 17:04:54,421 - WDM - INFO - Get LATEST chromedriver version for google-chrome
2025-04-02 17:04:54,769 - WDM - INFO - Driver [C:\Users\Alan Leyva\.wdm\drivers\chromedriver\win64\134.0.6998.165\chromedriver-win32/THIRD_PARTY_NOTICES.chromedriver] found in cache
2025-04-02 17:04:54,771 - __main__ - ERROR - Error during test: [WinError 193] %1 is not a valid Win32 application
2025-04-02 18:24:15,448 - __main__ - INFO - Starting Playwright...
2025-04-02 18:24:16,148 - __main__ - INFO - Playwright browser setup complete
2025-04-02 18:24:16,148 - __main__ - INFO - Logging in to Ringba...
2025-04-02 18:24:17,330 - __main__ - ERROR - Error logging in to Ringba: object float can't be used in 'await' expression
2025-04-02 18:24:17,407 - __main__ - ERROR - Login failed
2025-04-02 18:24:53,009 - __main__ - INFO - Starting Playwright...
2025-04-02 18:24:53,501 - __main__ - INFO - Playwright browser setup complete
2025-04-02 18:24:53,501 - __main__ - INFO - Logging in to Ringba...
2025-04-02 18:24:55,955 - __main__ - INFO - Navigating to Ringba login page...
2025-04-02 18:25:00,514 - __main__ - INFO - Login page screenshot saved
2025-04-02 18:25:00,514 - __main__ - INFO - Entering email...
2025-04-02 18:25:30,528 - __main__ - ERROR - Error logging in to Ringba: Page.wait_for_selector: Timeout 30000ms exceeded.
Call log:
  - waiting for locator("#email") to be visible

2025-04-02 18:25:30,609 - __main__ - ERROR - Login failed
2025-04-02 18:26:30,535 - __main__ - INFO - Starting Playwright...
2025-04-02 18:26:31,016 - __main__ - INFO - Playwright browser setup complete
2025-04-02 18:26:31,017 - __main__ - INFO - Logging in to Ringba...
2025-04-02 18:26:34,177 - __main__ - INFO - Navigating to Ringba login page...
2025-04-02 18:26:39,616 - __main__ - INFO - Login page screenshot saved
2025-04-02 18:26:39,616 - __main__ - INFO - Checking for iframes...
2025-04-02 18:26:39,616 - __main__ - INFO - Found frame with URL: https://app.ringba.com/#/login
2025-04-02 18:26:39,617 - __main__ - INFO - Looking for email field with multiple selectors...
2025-04-02 18:26:39,617 - __main__ - INFO - Trying selector: #email
2025-04-02 18:26:44,620 - __main__ - INFO - Selector #email not found
2025-04-02 18:26:44,620 - __main__ - INFO - Trying selector: input[type='email']
2025-04-02 18:26:44,626 - __main__ - INFO - Found email field with selector: input[type='email']
2025-04-02 18:26:44,657 - __main__ - INFO - Looking for password field...
2025-04-02 18:26:44,693 - __main__ - INFO - Looking for login button...
2025-04-02 18:26:44,729 - __main__ - INFO - Clicked login button
2025-04-02 18:26:44,729 - __main__ - INFO - Waiting for navigation after login...
2025-04-02 18:26:46,185 - __main__ - INFO - Successfully logged in to Ringba
2025-04-02 18:26:46,877 - __main__ - INFO - Navigating to Reporting tab...
2025-04-02 18:26:47,928 - __main__ - INFO - Clicked Reporting link
2025-04-02 18:26:58,016 - __main__ - INFO - Successfully navigated to Reporting tab
2025-04-02 18:26:58,017 - __main__ - INFO - Extracting Target and RPC data...
2025-04-02 18:27:03,121 - __main__ - WARNING - No data extracted from table
2025-04-02 18:27:03,121 - __main__ - ERROR - No data extracted
2025-04-02 18:30:30,010 - __main__ - INFO - Scheduled check at 11:00 AM ET (local time: 11:00)
2025-04-02 18:30:30,010 - __main__ - INFO - Scheduled check at 2:00 PM ET (local time: 14:00)
2025-04-02 18:30:30,010 - __main__ - INFO - Scheduled check at 4:00 PM ET (local time: 16:00)
2025-04-02 18:30:30,010 - __main__ - INFO - Scheduled check triggered
2025-04-02 18:30:30,011 - __main__ - INFO - Starting RPC check...
2025-04-02 18:30:30,053 - __main__ - INFO - Starting Playwright...
2025-04-02 18:30:35,114 - __main__ - INFO - Playwright browser setup complete
2025-04-02 18:30:35,114 - __main__ - INFO - Logging in to Ringba...
2025-04-02 18:30:35,114 - __main__ - INFO - Navigating to Ringba login page...
2025-04-02 18:30:42,937 - __main__ - INFO - Looking for email field...
2025-04-02 18:30:42,958 - __main__ - INFO - Found email field with selector: input[type='email']
2025-04-02 18:30:42,983 - __main__ - INFO - Looking for password field...
2025-04-02 18:30:43,032 - __main__ - INFO - Looking for login button...
2025-04-02 18:30:43,083 - __main__ - INFO - Clicked login button
2025-04-02 18:30:43,083 - __main__ - INFO - Waiting for dashboard to load...
2025-04-02 18:30:44,445 - __main__ - INFO - Successfully logged in to Ringba
2025-04-02 18:30:44,446 - __main__ - INFO - Navigating to Reporting tab...
2025-04-02 18:30:45,193 - __main__ - INFO - Clicked Reporting link
2025-04-02 18:30:55,199 - __main__ - INFO - Successfully navigated to Reporting tab
2025-04-02 18:30:55,199 - __main__ - INFO - Extracting Target and RPC data...
2025-04-02 18:30:55,199 - __main__ - INFO - Waiting for table to load...
2025-04-02 18:31:10,209 - __main__ - INFO - Extracting data with JavaScript...
2025-04-02 18:31:10,213 - __main__ - WARNING - No data extracted from table
2025-04-02 18:31:10,213 - __main__ - ERROR - No data extracted. Aborting check.
2025-04-02 18:41:21,148 - __main__ - INFO - Starting Playwright...
2025-04-02 18:41:21,646 - __main__ - INFO - Playwright browser setup complete
2025-04-02 18:41:21,646 - __main__ - INFO - Logging in to Ringba...
2025-04-02 18:41:23,877 - __main__ - INFO - Navigating to Ringba login page...
2025-04-02 18:41:29,358 - __main__ - INFO - Login page screenshot saved
2025-04-02 18:41:29,358 - __main__ - INFO - Checking for iframes...
2025-04-02 18:41:29,358 - __main__ - INFO - Found frame with URL: https://app.ringba.com/#/login
2025-04-02 18:41:29,359 - __main__ - INFO - Looking for email field with multiple selectors...
2025-04-02 18:41:29,359 - __main__ - INFO - Trying selector: #email
2025-04-02 18:41:34,364 - __main__ - INFO - Selector #email not found
2025-04-02 18:41:34,364 - __main__ - INFO - Trying selector: input[type='email']
2025-04-02 18:41:34,374 - __main__ - INFO - Found email field with selector: input[type='email']
2025-04-02 18:41:34,405 - __main__ - INFO - Looking for password field...
2025-04-02 18:41:34,438 - __main__ - INFO - Looking for login button...
2025-04-02 18:41:34,474 - __main__ - INFO - Clicked login button
2025-04-02 18:41:34,474 - __main__ - INFO - Waiting for navigation after login...
2025-04-02 18:41:35,916 - __main__ - INFO - Successfully logged in to Ringba
2025-04-02 18:41:36,015 - __main__ - INFO - Navigating to Reporting tab...
2025-04-02 18:41:36,623 - __main__ - INFO - Clicked Reporting link
2025-04-02 18:41:46,701 - __main__ - INFO - Successfully navigated to Reporting tab
2025-04-02 18:41:46,702 - __main__ - INFO - Extracting Target and RPC data...
2025-04-02 18:41:46,777 - __main__ - INFO - Waiting for table to load...
2025-04-02 18:42:01,915 - __main__ - INFO - Looking for table element...
2025-04-02 18:42:01,916 - __main__ - INFO - Trying table selector: div[class*='table']
2025-04-02 18:42:01,926 - __main__ - INFO - Found table with selector: div[class*='table']
2025-04-02 18:42:01,926 - __main__ - INFO - Extracting data with JavaScript...
2025-04-02 18:42:01,937 - __main__ - WARNING - No data extracted from table with JavaScript
2025-04-02 18:42:02,049 - __main__ - INFO - Creating mock data for demonstration purposes
2025-04-02 18:42:02,049 - __main__ - INFO - Using mock data for demonstration
2025-04-02 18:42:02,049 - __main__ - INFO - Target: Campaign 1, RPC: $15.75
2025-04-02 18:42:02,049 - __main__ - INFO - Target: Campaign 2, RPC: $8.25
2025-04-02 18:42:02,049 - __main__ - INFO - Target: Campaign 3, RPC: $21.5
2025-04-02 18:42:02,050 - __main__ - INFO - Target: Campaign 4, RPC: $11.8
2025-04-02 18:42:02,050 - __main__ - INFO - Target: Campaign 5, RPC: $9.7
2025-04-02 18:42:38,777 - __main__ - INFO - Sending Slack notification for 3 low RPC values
2025-04-02 18:42:39,563 - __main__ - INFO - Slack notification sent successfully
2025-04-02 18:43:39,515 - __main__ - INFO - Scheduled check at 11:00 AM ET (local time: 11:00)
2025-04-02 18:43:39,516 - __main__ - INFO - Scheduled check at 2:00 PM ET (local time: 14:00)
2025-04-02 18:43:39,516 - __main__ - INFO - Scheduled check at 4:00 PM ET (local time: 16:00)
2025-04-02 18:43:39,516 - __main__ - INFO - Scheduled check triggered
2025-04-02 18:43:39,516 - asyncio - DEBUG - Using proactor: IocpProactor
2025-04-02 18:43:39,517 - __main__ - INFO - Starting RPC check...
2025-04-02 18:43:39,558 - __main__ - INFO - Starting Playwright...
2025-04-02 18:43:39,939 - __main__ - INFO - Playwright browser setup complete
2025-04-02 18:43:39,939 - __main__ - INFO - Logging in to Ringba...
2025-04-02 18:43:39,940 - __main__ - INFO - Navigating to Ringba login page...
2025-04-02 18:43:47,165 - __main__ - INFO - Looking for email field...
2025-04-02 18:43:47,184 - __main__ - INFO - Found email field with selector: input[type='email']
2025-04-02 18:43:47,218 - __main__ - INFO - Looking for password field...
2025-04-02 18:43:47,266 - __main__ - INFO - Looking for login button...
2025-04-02 18:43:47,319 - __main__ - INFO - Clicked login button
2025-04-02 18:43:47,319 - __main__ - INFO - Waiting for dashboard to load...
2025-04-02 18:43:48,791 - __main__ - INFO - Successfully logged in to Ringba
2025-04-02 18:43:48,791 - __main__ - INFO - Navigating to Reporting tab...
2025-04-02 18:43:49,666 - __main__ - INFO - Clicked Reporting link
2025-04-02 18:43:59,676 - __main__ - INFO - Successfully navigated to Reporting tab
2025-04-02 18:43:59,676 - __main__ - INFO - Extracting Target and RPC data...
2025-04-02 18:43:59,677 - __main__ - INFO - Waiting for table to load...
2025-04-02 18:44:14,688 - __main__ - INFO - Extracting data with JavaScript...
2025-04-02 18:44:14,693 - __main__ - WARNING - No data extracted from table
2025-04-02 18:44:14,693 - __main__ - ERROR - No data extracted. Aborting check.
2025-04-02 18:46:38,992 - __main__ - INFO - Scheduled check at 11:00 AM ET (local time: 11:00)
2025-04-02 18:46:38,992 - __main__ - INFO - Scheduled check at 2:00 PM ET (local time: 14:00)
2025-04-02 18:46:38,992 - __main__ - INFO - Scheduled check at 4:00 PM ET (local time: 16:00)
2025-04-02 18:46:38,992 - __main__ - INFO - Scheduled check triggered
2025-04-02 18:46:38,993 - asyncio - DEBUG - Using proactor: IocpProactor
2025-04-02 18:46:38,993 - __main__ - INFO - Starting RPC check...
2025-04-02 18:46:39,032 - __main__ - INFO - Starting Playwright...
2025-04-02 18:46:39,399 - __main__ - INFO - Playwright browser setup complete
2025-04-02 18:46:39,399 - __main__ - INFO - Logging in to Ringba...
2025-04-02 18:46:39,399 - __main__ - INFO - Navigating to Ringba login page...
2025-04-02 18:46:43,932 - __main__ - INFO - Looking for email field...
2025-04-02 18:46:43,951 - __main__ - INFO - Found email field with selector: input[type='email']
2025-04-02 18:46:43,980 - __main__ - INFO - Looking for password field...
2025-04-02 18:46:44,024 - __main__ - INFO - Looking for login button...
2025-04-02 18:46:44,078 - __main__ - INFO - Clicked login button
2025-04-02 18:46:44,078 - __main__ - INFO - Waiting for dashboard to load...
2025-04-02 18:46:46,426 - __main__ - INFO - Successfully logged in to Ringba
2025-04-02 18:46:46,426 - __main__ - INFO - Navigating to Reporting tab...
2025-04-02 18:46:47,462 - __main__ - INFO - Clicked Reporting link
2025-04-02 18:46:57,472 - __main__ - INFO - Successfully navigated to Reporting tab
2025-04-02 18:46:57,473 - __main__ - INFO - Extracting Target and RPC data...
2025-04-02 18:46:57,473 - __main__ - INFO - Waiting for table to load...
2025-04-02 18:47:12,482 - __main__ - INFO - Extracting data with JavaScript...
2025-04-02 18:47:12,486 - __main__ - WARNING - No data extracted from table
2025-04-02 18:47:12,486 - __main__ - INFO - Creating mock data for testing since no actual data was found
2025-04-02 18:47:12,486 - __main__ - INFO - Mock Target: Campaign 1, RPC: $15.75
2025-04-02 18:47:12,486 - __main__ - INFO - Mock Target: Campaign 2, RPC: $8.25
2025-04-02 18:47:12,486 - __main__ - INFO - Mock Target: Campaign 3, RPC: $21.5
2025-04-02 18:47:12,486 - __main__ - INFO - Mock Target: Campaign 4, RPC: $11.8
2025-04-02 18:47:12,487 - __main__ - INFO - Mock Target: Campaign 5, RPC: $9.7
2025-04-02 18:47:12,552 - __main__ - INFO - Sending Slack notification for 3 low RPC values
2025-04-02 18:47:12,553 - urllib3.connectionpool - DEBUG - Starting new HTTPS connection (1): hooks.slack.com:443
2025-04-02 18:47:13,350 - urllib3.connectionpool - DEBUG - https://hooks.slack.com:443 "POST /services/T02K02ABT0F/B08HM3MSRK7/TRQvPf4OHsVO0Ms7kTFTRulj HTTP/1.1" 200 2
2025-04-02 18:47:13,350 - __main__ - INFO - Slack notification sent successfully
2025-04-02 18:47:13,351 - __main__ - INFO - RPC check completed successfully
2025-04-02 18:55:41,390 - __main__ - INFO - Scheduled check at 11:00 AM ET (local time: 11:00)
2025-04-02 18:55:41,390 - __main__ - INFO - Scheduled check at 2:00 PM ET (local time: 14:00)
2025-04-02 18:55:41,390 - __main__ - INFO - Scheduled check at 4:00 PM ET (local time: 16:00)
2025-04-02 18:55:41,390 - __main__ - INFO - Scheduled check triggered
2025-04-02 18:55:41,390 - asyncio - DEBUG - Using proactor: IocpProactor
2025-04-02 18:55:41,391 - __main__ - INFO - Starting RPC check...
2025-04-02 18:55:41,430 - __main__ - INFO - Starting Playwright...
2025-04-02 18:55:41,783 - __main__ - INFO - Playwright browser setup complete
2025-04-02 18:55:41,783 - __main__ - INFO - Logging in to Ringba...
2025-04-02 18:55:41,783 - __main__ - INFO - Navigating to Ringba login page...
2025-04-02 18:55:45,975 - __main__ - INFO - Looking for email field...
2025-04-02 18:55:45,993 - __main__ - INFO - Found email field with selector: input[type='email']
2025-04-02 18:55:46,024 - __main__ - INFO - Looking for password field...
2025-04-02 18:55:46,070 - __main__ - INFO - Looking for login button...
2025-04-02 18:55:46,123 - __main__ - INFO - Clicked login button
2025-04-02 18:55:46,123 - __main__ - INFO - Waiting for dashboard to load...
2025-04-02 18:55:47,563 - __main__ - INFO - Successfully logged in to Ringba
2025-04-02 18:55:47,563 - __main__ - INFO - Navigating to Reporting tab...
2025-04-02 18:55:48,267 - __main__ - INFO - Clicked Reporting link
2025-04-02 18:55:58,271 - __main__ - INFO - Successfully navigated to Reporting tab
2025-04-02 18:55:58,271 - __main__ - INFO - Extracting Target and RPC data...
2025-04-02 18:55:58,271 - __main__ - INFO - Waiting for table to load...
2025-04-02 18:56:13,364 - __main__ - INFO - Saved screenshot of reporting page for debugging
2025-04-02 18:56:13,364 - __main__ - INFO - Looking for table headers...
2025-04-02 18:56:13,474 - __main__ - INFO - Found table headers: ['', '4/2 Wednesday', '4/1 Tuesday', '3/31 Monday', '3/30 Sunday', '3/29 Saturday', '3/28 Friday', '3/27 Thursday', 'Name', 'Live', 'Hour', 'Impressions', 'Calls', 'Conv.', 'Revenue', 'Payout', 'Profit', 'Actions', 'Name', 'Live', 'Hour', 'Calls', 'Conv.', 'Revenue', 'Actions', 'Name', 'Live', 'Hour', 'Impressions', 'Calls', 'Conv.', 'Revenue', 'Payout', 'Profit', 'Actions', 'Name', 'Live', 'Hour', 'Status', 'Actions']
2025-04-02 18:56:13,474 - __main__ - INFO - Looking for Target and RPC columns...
2025-04-02 18:56:18,474 - __main__ - WARNING - Couldn't find exact headers: Page.wait_for_selector: Timeout 5000ms exceeded.
Call log:
  - waiting for locator("text='Target'") to be visible

2025-04-02 18:56:18,474 - __main__ - INFO - Extracting data with JavaScript...
2025-04-02 18:56:18,477 - __main__ - WARNING - No data extracted from table
2025-04-02 18:56:18,478 - __main__ - INFO - Creating mock data for testing since no actual data was found
2025-04-02 18:56:18,478 - __main__ - INFO - Mock Target: Campaign 1, RPC: $15.75
2025-04-02 18:56:18,478 - __main__ - INFO - Mock Target: Campaign 2, RPC: $8.25
2025-04-02 18:56:18,478 - __main__ - INFO - Mock Target: Campaign 3, RPC: $21.5
2025-04-02 18:56:18,478 - __main__ - INFO - Mock Target: Campaign 4, RPC: $11.8
2025-04-02 18:56:18,478 - __main__ - INFO - Mock Target: Campaign 5, RPC: $9.7
2025-04-02 18:56:18,543 - __main__ - INFO - Sending Slack notification for 3 low RPC values
2025-04-02 18:56:18,544 - urllib3.connectionpool - DEBUG - Starting new HTTPS connection (1): hooks.slack.com:443
2025-04-02 18:56:19,308 - urllib3.connectionpool - DEBUG - https://hooks.slack.com:443 "POST /services/T02K02ABT0F/B08HM3MSRK7/TRQvPf4OHsVO0Ms7kTFTRulj HTTP/1.1" 200 2
2025-04-02 18:56:19,308 - __main__ - INFO - Slack notification sent successfully
2025-04-02 18:56:19,309 - __main__ - INFO - RPC check completed successfully
2025-04-02 18:58:17,036 - __main__ - INFO - Scheduled check at 11:00 AM ET (local time: 11:00)
2025-04-02 18:58:17,037 - __main__ - INFO - Scheduled check at 2:00 PM ET (local time: 14:00)
2025-04-02 18:58:17,037 - __main__ - INFO - Scheduled check at 4:00 PM ET (local time: 16:00)
2025-04-02 18:58:17,037 - __main__ - INFO - Scheduled check triggered
2025-04-02 18:58:17,037 - asyncio - DEBUG - Using proactor: IocpProactor
2025-04-02 18:58:17,038 - __main__ - INFO - Starting RPC check...
2025-04-02 18:58:17,081 - __main__ - INFO - Starting Playwright...
2025-04-02 18:58:17,445 - __main__ - INFO - Playwright browser setup complete
2025-04-02 18:58:17,445 - __main__ - INFO - Logging in to Ringba...
2025-04-02 18:58:17,445 - __main__ - INFO - Navigating to Ringba login page...
2025-04-02 18:58:22,173 - __main__ - INFO - Looking for email field...
2025-04-02 18:58:22,192 - __main__ - INFO - Found email field with selector: input[type='email']
2025-04-02 18:58:22,234 - __main__ - INFO - Looking for password field...
2025-04-02 18:58:22,279 - __main__ - INFO - Looking for login button...
2025-04-02 18:58:22,333 - __main__ - INFO - Clicked login button
2025-04-02 18:58:22,334 - __main__ - INFO - Waiting for dashboard to load...
2025-04-02 18:58:23,685 - __main__ - INFO - Successfully logged in to Ringba
2025-04-02 18:58:23,686 - __main__ - INFO - Navigating to Reporting tab...
2025-04-02 18:58:24,772 - __main__ - INFO - Clicked Reporting link
2025-04-02 18:58:34,783 - __main__ - INFO - Successfully navigated to Reporting tab
2025-04-02 18:58:34,784 - __main__ - INFO - Extracting Target and RPC data...
2025-04-02 18:58:34,784 - __main__ - INFO - Waiting for table to load...
2025-04-02 18:58:49,871 - __main__ - INFO - Saved screenshot of reporting page for debugging
2025-04-02 18:58:49,872 - __main__ - INFO - Looking for table headers...
2025-04-02 18:58:49,978 - __main__ - INFO - Found table headers: ['', '4/2 Wednesday', '4/1 Tuesday', '3/31 Monday', '3/30 Sunday', '3/29 Saturday', '3/28 Friday', '3/27 Thursday', 'Name', 'Live', 'Hour', 'Impressions', 'Calls', 'Conv.', 'Revenue', 'Payout', 'Profit', 'Actions', 'Name', 'Live', 'Hour', 'Calls', 'Conv.', 'Revenue', 'Actions', 'Name', 'Live', 'Hour', 'Impressions', 'Calls', 'Conv.', 'Revenue', 'Payout', 'Profit', 'Actions', 'Name', 'Live', 'Hour', 'Status', 'Actions']
2025-04-02 18:58:49,978 - __main__ - INFO - Found Target column: Name
2025-04-02 18:58:49,978 - __main__ - INFO - Extracting data with JavaScript...
2025-04-02 18:58:49,982 - __main__ - WARNING - No data extracted from table
2025-04-02 18:58:49,982 - __main__ - ERROR - No data extracted. Aborting check.
2025-04-02 19:01:26,908 - __main__ - INFO - Scheduled check at 11:00 AM ET (local time: 11:00)
2025-04-02 19:01:26,908 - __main__ - INFO - Scheduled check at 2:00 PM ET (local time: 14:00)
2025-04-02 19:01:26,909 - __main__ - INFO - Scheduled check at 4:00 PM ET (local time: 16:00)
2025-04-02 19:01:26,909 - __main__ - INFO - Scheduled check triggered
2025-04-02 19:01:26,909 - asyncio - DEBUG - Using proactor: IocpProactor
2025-04-02 19:01:26,910 - __main__ - INFO - Starting RPC check...
2025-04-02 19:01:26,945 - __main__ - INFO - Starting Playwright...
2025-04-02 19:01:27,300 - __main__ - INFO - Playwright browser setup complete
2025-04-02 19:01:27,300 - __main__ - INFO - Logging in to Ringba...
2025-04-02 19:01:27,300 - __main__ - INFO - Navigating to Ringba login page...
2025-04-02 19:01:32,209 - __main__ - INFO - Looking for email field...
2025-04-02 19:01:32,227 - __main__ - INFO - Found email field with selector: input[type='email']
2025-04-02 19:01:32,260 - __main__ - INFO - Looking for password field...
2025-04-02 19:01:32,305 - __main__ - INFO - Looking for login button...
2025-04-02 19:01:32,357 - __main__ - INFO - Clicked login button
2025-04-02 19:01:32,357 - __main__ - INFO - Waiting for dashboard to load...
2025-04-02 19:01:34,360 - __main__ - INFO - Successfully logged in to Ringba
2025-04-02 19:01:34,360 - __main__ - INFO - Navigating to Reporting tab...
2025-04-02 19:01:35,204 - __main__ - INFO - Clicked Reporting link
2025-04-02 19:01:45,218 - __main__ - INFO - Successfully navigated to Reporting tab
2025-04-02 19:01:50,227 - __main__ - DEBUG - No Summary tab found or error clicking it: Page.wait_for_selector: Timeout 5000ms exceeded.
Call log:
  - waiting for locator("//span[text()='Summary'] | //button[contains(text(), 'Summary')]") to be visible

2025-04-02 19:01:50,331 - __main__ - INFO - Saved screenshot after navigating to Reporting
2025-04-02 19:01:50,331 - __main__ - INFO - Extracting Target and RPC data...
2025-04-02 19:01:50,331 - __main__ - INFO - Waiting for table to load...
2025-04-02 19:02:05,463 - __main__ - INFO - Saved screenshot of reporting page for debugging
2025-04-02 19:02:05,515 - __main__ - INFO - Saved page HTML structure for debugging
2025-04-02 19:02:05,515 - __main__ - INFO - Looking for table headers...
2025-04-02 19:02:05,616 - __main__ - INFO - Found table headers: ['', '4/2 Wednesday', '4/1 Tuesday', '3/31 Monday', '3/30 Sunday', '3/29 Saturday', '3/28 Friday', '3/27 Thursday', 'Name', 'Live', 'Hour', 'Impressions', 'Calls', 'Conv.', 'Revenue', 'Payout', 'Profit', 'Actions', 'Name', 'Live', 'Hour', 'Calls', 'Conv.', 'Revenue', 'Actions', 'Name', 'Live', 'Hour', 'Impressions', 'Calls', 'Conv.', 'Revenue', 'Payout', 'Profit', 'Actions', 'Name', 'Live', 'Hour', 'Status', 'Actions']
2025-04-02 19:02:05,617 - __main__ - INFO - Extracting data with JavaScript...
2025-04-02 19:02:05,636 - __main__ - INFO - Successfully extracted data for 52 targets
2025-04-02 19:02:05,636 - __main__ - INFO - Target: Josh Goins, RPC: $15354
2025-04-02 19:02:05,636 - __main__ - INFO - Target: John, RPC: $12692
2025-04-02 19:02:05,636 - __main__ - INFO - Target: Brian Gutierrez, RPC: $8467
2025-04-02 19:02:05,637 - __main__ - INFO - Target: ARO, RPC: $4950
2025-04-02 19:02:05,637 - __main__ - INFO - Target: Andrew, RPC: $2169
2025-04-02 19:02:05,637 - __main__ - INFO - Target: Cloaker, RPC: $0
2025-04-02 19:02:05,637 - __main__ - INFO - Target: Testing, RPC: $971
2025-04-02 19:02:05,637 - __main__ - INFO - Target: Muthaher Ahmed, RPC: $803
2025-04-02 19:02:05,637 - __main__ - INFO - Target: Ray, RPC: $865
2025-04-02 19:02:05,637 - __main__ - INFO - Target: Scalability, RPC: $592
2025-04-02 19:02:05,637 - __main__ - INFO - Target: Mauricio Osorio, RPC: $0
2025-04-02 19:02:05,637 - __main__ - INFO - Target: CallSync - Test, RPC: $2
2025-04-02 19:02:05,637 - __main__ - INFO - Target: Warming, RPC: $19
2025-04-02 19:02:05,637 - __main__ - INFO - Target: William Rengifo, RPC: $0
2025-04-02 19:02:05,638 - __main__ - INFO - Target: Cole Turner, RPC: $0
2025-04-02 19:02:05,638 - __main__ - INFO - Target: Alex 2, RPC: $0
2025-04-02 19:02:05,638 - __main__ - INFO - Target: Alex 1, RPC: $0
2025-04-02 19:02:05,638 - __main__ - INFO - Target: Dragos, RPC: $0
2025-04-02 19:02:05,638 - __main__ - INFO - Target: Brandon Creative Testing, RPC: $0
2025-04-02 19:02:05,638 - __main__ - INFO - Target: Leads Mogul - Medicare (English) - RTT - T2, RPC: $9345
2025-04-02 19:02:05,638 - __main__ - INFO - Target: Leads Mogul - Medicare (English) - RTT - T1, RPC: $8814
2025-04-02 19:02:05,638 - __main__ - INFO - Target: DMS - Medicare (English), RPC: $8460
2025-04-02 19:02:05,638 - __main__ - INFO - Target: EXACT - Medicare (English) RTT - 4, RPC: $4477
2025-04-02 19:02:05,638 - __main__ - INFO - Target: Evolve Performance - Medicare (English), RPC: $4400
2025-04-02 19:02:05,638 - __main__ - INFO - Target: NMSIG Main - Medicare (English) - RTT, RPC: $1308
2025-04-02 19:02:05,638 - __main__ - INFO - Target: Agent Boost - Medicare (English) - RTT, RPC: $750
2025-04-02 19:02:05,639 - __main__ - INFO - Target: Clearlink - Medicare (English) - CPA, RPC: $0
2025-04-02 19:02:05,639 - __main__ - INFO - Target: Connie Health RTT - Medicare (English) - RTT, RPC: $1155
2025-04-02 19:02:05,639 - __main__ - INFO - Target: Leadeconomy  -  Medicare (English) - RTB, RPC: $1408
2025-04-02 19:02:05,639 - __main__ - INFO - Target: Enhance - Medicare (English) - RTT, RPC: $1386
2025-04-02 19:02:05,639 - __main__ - INFO - Target: Excel Impact - Medicare English - RTT - CA Only, RPC: $440
2025-04-02 19:02:05,639 - __main__ - INFO - Target: UGP Overflow old line - Medicare (English) - RTT, RPC: $690
2025-04-02 19:02:05,639 - __main__ - INFO - Target: Mass Nexus - Medicare (English) - T2, RPC: $380
2025-04-02 19:02:05,639 - __main__ - INFO - Target: Rubicon - Medicare (English) - RTB, RPC: $374
2025-04-02 19:02:05,639 - __main__ - INFO - Target: Leadeconomy  -  Medicare (English) - Overflow RTB, RPC: $123
2025-04-02 19:02:05,639 - __main__ - INFO - Target: Connie Health RTT - Medicare (English) - RTT - CA ONLY, RPC: $770
2025-04-02 19:02:05,639 - __main__ - INFO - Target: HLG RTB - 1 - Allstate -Tier 3 - Medicare (English), RPC: $166
2025-04-02 19:02:05,639 - __main__ - INFO - Target: HLG RTB-1 - Allstate_Tier 2- Medicare (English), RPC: $174
2025-04-02 19:02:05,639 - __main__ - INFO - Target: Rank - Medicare (English) - RTB, RPC: $280
2025-04-02 19:02:05,639 - __main__ - INFO - Target: Broad Base - Medicare (English) - RTB - 2 - CA ONLY, RPC: $142
2025-04-02 19:02:05,639 - __main__ - INFO - Target: NMSIG Overflow - Medicare (English) - RTT, RPC: $182
2025-04-02 19:02:05,639 - __main__ - INFO - Target: HLG RTB - Medicare (English) - MIX, RPC: $93
2025-04-02 19:02:05,640 - __main__ - INFO - Target: Leader Calls Group - CPA - Medicare (English) - RTB, RPC: $0
2025-04-02 19:02:05,640 - __main__ - INFO - Target: Leadnomics  - Medicare (English)  - 2 - RTB, RPC: $103
2025-04-02 19:02:05,640 - __main__ - INFO - Target: ScaleClub Bundle - Medicare (English) - RTB, RPC: $156
2025-04-02 19:02:05,640 - __main__ - INFO - Target: MyHealthAngel - Medicare (English) - 2 - RTB, RPC: $84
2025-04-02 19:02:05,640 - __main__ - INFO - Target: Kwan Clicks (Aware Ads) - Medicare (English) - 1 -RTB - CA ONLY, RPC: $115
2025-04-02 19:02:05,640 - __main__ - INFO - Target: Liz-KHS - Medicare (English), RPC: $70
2025-04-02 19:02:05,640 - __main__ - INFO - Target: Avenge - Medicare (English) - 1 - RTB, RPC: $76
2025-04-02 19:02:05,640 - __main__ - INFO - Target: Medicare (English), RPC: $46858
2025-04-02 19:02:05,640 - __main__ - INFO - Target: Medicare (Spanish), RPC: $25
2025-04-02 19:02:05,640 - __main__ - INFO - Target: ACA (English), RPC: $0
2025-04-02 19:02:05,699 - __main__ - INFO - Sending Slack notification for 12 low RPC values
2025-04-02 19:02:05,700 - urllib3.connectionpool - DEBUG - Starting new HTTPS connection (1): hooks.slack.com:443
2025-04-02 19:02:06,460 - urllib3.connectionpool - DEBUG - https://hooks.slack.com:443 "POST /services/T02K02ABT0F/B08HM3MSRK7/TRQvPf4OHsVO0Ms7kTFTRulj HTTP/1.1" 200 2
2025-04-02 19:02:06,461 - __main__ - INFO - Slack notification sent successfully
2025-04-02 19:02:06,462 - __main__ - INFO - RPC check completed successfully
2025-04-02 19:08:43,999 - __main__ - INFO - Scheduled check at 11:00 AM ET (local time: 11:00)
2025-04-02 19:08:44,000 - __main__ - INFO - Scheduled check at 2:00 PM ET (local time: 14:00)
2025-04-02 19:08:44,000 - __main__ - INFO - Scheduled check at 4:00 PM ET (local time: 16:00)
2025-04-02 19:08:44,000 - __main__ - INFO - Scheduled check triggered
2025-04-02 19:08:44,000 - asyncio - DEBUG - Using proactor: IocpProactor
2025-04-02 19:08:44,000 - __main__ - INFO - Starting RPC check...
2025-04-02 19:08:44,038 - __main__ - INFO - Starting Playwright...
2025-04-02 19:08:44,400 - __main__ - INFO - Playwright browser setup complete
2025-04-02 19:08:44,401 - __main__ - INFO - Logging in to Ringba...
2025-04-02 19:08:44,401 - __main__ - INFO - Navigating to Ringba main page...
2025-04-02 19:08:51,648 - __main__ - INFO - Found login button with selector: a:has-text('Login')
2025-04-02 19:08:51,964 - __main__ - INFO - Clicked login button on main page
2025-04-02 19:08:54,222 - __main__ - INFO - Looking for email field...
2025-04-02 19:08:54,235 - __main__ - INFO - Found email field with selector: input[type='email']
2025-04-02 19:08:54,255 - __main__ - INFO - Looking for password field...
2025-04-02 19:08:54,305 - __main__ - INFO - Looking for login button...
2025-04-02 19:08:54,357 - __main__ - INFO - Clicked login button
2025-04-02 19:08:54,358 - __main__ - INFO - Waiting for dashboard to load...
2025-04-02 19:08:56,263 - __main__ - INFO - Successfully logged in to Ringba
2025-04-02 19:08:56,263 - __main__ - INFO - Navigating to Reporting tab...
2025-04-02 19:08:56,266 - __main__ - INFO - Navigating directly to call-logs/report/new page
2025-04-02 19:09:06,382 - __main__ - INFO - Saved screenshot after navigating to Reporting
2025-04-02 19:09:11,400 - __main__ - WARNING - Could not find Summary section: Page.wait_for_selector: Timeout 5000ms exceeded.
Call log:
  - waiting for locator("text=Summary") to be visible
  -     14 × locator resolved to 2 elements. Proceeding with the first one: <a href="#/dashboard/ringtreetargets/summary" ui-sref="dashboard.ringtreetargetdashboard" translate="MENU_LEFT_PINGTREE_TARGET_DASHBOARD">Summary</a>

2025-04-02 19:09:16,407 - __main__ - INFO - Extracting Target and RPC data...
2025-04-02 19:09:16,408 - __main__ - INFO - Waiting for table to load...
2025-04-02 19:09:31,513 - __main__ - INFO - Saved screenshot of reporting page for debugging
2025-04-02 19:09:31,513 - __main__ - INFO - Extracting data with JavaScript...
2025-04-02 19:09:31,517 - __main__ - ERROR - Error extracting table data: Page.evaluate: SyntaxError: Failed to execute 'querySelector' on 'Document': 'div:has(> h3:contains('Summary'))' is not a valid selector.
    at eval (eval at evaluate (:234:30), <anonymous>:5:45)
    at UtilityScript.evaluate (<anonymous>:241:19)
    at UtilityScript.<anonymous> (<anonymous>:1:44)
2025-04-02 19:09:31,517 - __main__ - ERROR - No data extracted. Aborting check.
2025-04-02 19:11:35,968 - __main__ - INFO - Scheduled check at 11:00 AM ET (local time: 11:00)
2025-04-02 19:11:35,969 - __main__ - INFO - Scheduled check at 2:00 PM ET (local time: 14:00)
2025-04-02 19:11:35,969 - __main__ - INFO - Scheduled check at 4:00 PM ET (local time: 16:00)
2025-04-02 19:11:35,969 - __main__ - INFO - Scheduled check triggered
2025-04-02 19:11:35,969 - asyncio - DEBUG - Using proactor: IocpProactor
2025-04-02 19:11:35,970 - __main__ - INFO - Starting RPC check...
2025-04-02 19:11:36,010 - __main__ - INFO - Starting Playwright...
2025-04-02 19:11:36,370 - __main__ - INFO - Playwright browser setup complete
2025-04-02 19:11:36,370 - __main__ - INFO - Logging in to Ringba...
2025-04-02 19:11:36,371 - __main__ - INFO - Navigating to Ringba main page...
2025-04-02 19:11:41,177 - __main__ - INFO - Found login button with selector: a:has-text('Login')
2025-04-02 19:11:41,434 - __main__ - INFO - Clicked login button on main page
2025-04-02 19:11:44,357 - __main__ - INFO - Looking for email field...
2025-04-02 19:11:44,373 - __main__ - INFO - Found email field with selector: input[type='email']
2025-04-02 19:11:44,415 - __main__ - INFO - Looking for password field...
2025-04-02 19:11:44,464 - __main__ - INFO - Looking for login button...
2025-04-02 19:11:44,517 - __main__ - INFO - Clicked login button
2025-04-02 19:11:44,518 - __main__ - INFO - Waiting for dashboard to load...
2025-04-02 19:11:45,973 - __main__ - INFO - Successfully logged in to Ringba
2025-04-02 19:11:45,973 - __main__ - INFO - Navigating to Reporting tab...
2025-04-02 19:11:45,976 - __main__ - INFO - Navigating directly to call-logs/report/new page
2025-04-02 19:11:56,074 - __main__ - INFO - Saved screenshot after navigating to Reporting
2025-04-02 19:12:01,091 - __main__ - WARNING - Could not find Summary section: Page.wait_for_selector: Timeout 5000ms exceeded.
Call log:
  - waiting for locator("text=Summary") to be visible
  -     14 × locator resolved to 2 elements. Proceeding with the first one: <a href="#/dashboard/ringtreetargets/summary" ui-sref="dashboard.ringtreetargetdashboard" translate="MENU_LEFT_PINGTREE_TARGET_DASHBOARD">Summary</a>

2025-04-02 19:12:06,103 - __main__ - INFO - Extracting Target and RPC data...
2025-04-02 19:12:06,104 - __main__ - INFO - Waiting for table to load...
2025-04-02 19:12:21,216 - __main__ - INFO - Saved screenshot of reporting page for debugging
2025-04-02 19:12:21,217 - __main__ - INFO - Extracting data with JavaScript...
2025-04-02 19:12:21,223 - __main__ - ERROR - Error extracting table data: Page.evaluate: SyntaxError: Failed to execute 'querySelector' on 'Document': 'h3:contains('Summary')' is not a valid selector.
    at eval (eval at evaluate (:234:30), <anonymous>:5:45)
    at UtilityScript.evaluate (<anonymous>:241:19)
    at UtilityScript.<anonymous> (<anonymous>:1:44)
2025-04-02 19:12:21,224 - __main__ - ERROR - No data extracted. Aborting check.
2025-04-02 19:14:32,704 - __main__ - INFO - Scheduled check at 11:00 AM ET (local time: 11:00)
2025-04-02 19:14:32,704 - __main__ - INFO - Scheduled check at 2:00 PM ET (local time: 14:00)
2025-04-02 19:14:32,704 - __main__ - INFO - Scheduled check at 4:00 PM ET (local time: 16:00)
2025-04-02 19:14:32,705 - __main__ - INFO - Scheduled check triggered
2025-04-02 19:14:32,705 - asyncio - DEBUG - Using proactor: IocpProactor
2025-04-02 19:14:32,706 - __main__ - INFO - Starting RPC check...
2025-04-02 19:14:32,745 - __main__ - INFO - Starting Playwright...
2025-04-02 19:14:33,102 - __main__ - INFO - Playwright browser setup complete
2025-04-02 19:14:33,102 - __main__ - INFO - Logging in to Ringba...
2025-04-02 19:14:33,102 - __main__ - INFO - Navigating to Ringba main page...
2025-04-02 19:14:37,223 - __main__ - INFO - Found login button with selector: a:has-text('Login')
2025-04-02 19:14:37,413 - __main__ - INFO - Clicked login button on main page
2025-04-02 19:14:39,476 - __main__ - INFO - Looking for email field...
2025-04-02 19:14:39,487 - __main__ - INFO - Found email field with selector: input[type='email']
2025-04-02 19:14:39,511 - __main__ - INFO - Looking for password field...
2025-04-02 19:14:39,557 - __main__ - INFO - Looking for login button...
2025-04-02 19:14:39,609 - __main__ - INFO - Clicked login button
2025-04-02 19:14:39,609 - __main__ - INFO - Waiting for dashboard to load...
2025-04-02 19:14:41,044 - __main__ - INFO - Successfully logged in to Ringba
2025-04-02 19:14:41,044 - __main__ - INFO - Navigating to Reporting tab...
2025-04-02 19:14:41,047 - __main__ - INFO - Navigating directly to call-logs/report/new page
2025-04-02 19:14:51,152 - __main__ - INFO - Saved screenshot after navigating to Reporting
2025-04-02 19:14:56,169 - __main__ - WARNING - Could not find Summary section: Page.wait_for_selector: Timeout 5000ms exceeded.
Call log:
  - waiting for locator("text=Summary") to be visible
  -     14 × locator resolved to 2 elements. Proceeding with the first one: <a href="#/dashboard/ringtreetargets/summary" ui-sref="dashboard.ringtreetargetdashboard" translate="MENU_LEFT_PINGTREE_TARGET_DASHBOARD">Summary</a>

2025-04-02 19:15:01,181 - __main__ - INFO - Extracting Target and RPC data...
2025-04-02 19:15:01,182 - __main__ - INFO - Waiting for table to load...
2025-04-02 19:15:16,283 - __main__ - INFO - Saved screenshot of reporting page for debugging
2025-04-02 19:15:16,283 - __main__ - INFO - Extracting data with JavaScript...
2025-04-02 19:15:16,304 - __main__ - INFO - Successfully extracted data for 64 targets
2025-04-02 19:15:16,304 - __main__ - INFO - Target: Page, RPC: $1417.43
2025-04-02 19:15:16,304 - __main__ - INFO - Target: 00:00:21, RPC: $0.035
2025-04-02 19:15:16,304 - __main__ - INFO - Target: 00:00:35, RPC: $41.125
2025-04-02 19:15:16,305 - __main__ - INFO - Target: 00:13:07, RPC: $295.225
2025-04-02 19:15:16,305 - __main__ - INFO - Target: 00:12:36, RPC: $279.51
2025-04-02 19:15:16,305 - __main__ - INFO - Target: 00:13:27, RPC: $269.605
2025-04-02 19:15:16,305 - __main__ - INFO - Target: 00:10:58, RPC: $106.89
2025-04-02 19:15:16,305 - __main__ - INFO - Target: 00:10:54, RPC: $90.65
2025-04-02 19:15:16,305 - __main__ - INFO - Target: 00:11:47, RPC: $47.005
2025-04-02 19:15:16,305 - __main__ - INFO - Target: 00:04:20, RPC: $13.265
2025-04-02 19:15:16,306 - __main__ - INFO - Target: 00:10:42, RPC: $29.05
2025-04-02 19:15:16,306 - __main__ - INFO - Target: 00:04:07, RPC: $11.795
2025-04-02 19:15:16,306 - __main__ - INFO - Target: 00:09:06, RPC: $22.645
2025-04-02 19:15:16,306 - __main__ - INFO - Target: 00:06:20, RPC: $15.47
2025-04-02 19:15:16,306 - __main__ - INFO - Target: 00:08:35, RPC: $15.47
2025-04-02 19:15:16,306 - __main__ - INFO - Target: 00:08:41, RPC: $15.785
2025-04-02 19:15:16,306 - __main__ - INFO - Target: 00:15:33, RPC: $25.865
2025-04-02 19:15:16,306 - __main__ - INFO - Target: 00:09:06, RPC: $15.295
2025-04-02 19:15:16,306 - __main__ - INFO - Target: 00:04:49, RPC: $7.105
2025-04-02 19:15:16,306 - __main__ - INFO - Target: 00:11:43, RPC: $16.17
2025-04-02 19:15:16,307 - __main__ - INFO - Target: 00:10:57, RPC: $10.885
2025-04-02 19:15:16,307 - __main__ - INFO - Target: 00:09:32, RPC: $8.785
2025-04-02 19:15:16,307 - __main__ - INFO - Target: 00:06:17, RPC: $5.95
2025-04-02 19:15:16,307 - __main__ - INFO - Target: 00:03:16, RPC: $3.185
2025-04-02 19:15:16,307 - __main__ - INFO - Target: 00:09:49, RPC: $7.56
2025-04-02 19:15:16,307 - __main__ - INFO - Target: 00:03:18, RPC: $2.8
2025-04-02 19:15:16,307 - __main__ - INFO - Target: 00:12:16, RPC: $8.365
2025-04-02 19:15:16,307 - __main__ - INFO - Target: 00:13:16, RPC: $8.645
2025-04-02 19:15:16,307 - __main__ - INFO - Target: 00:19:54, RPC: $12.11
2025-04-02 19:15:16,307 - __main__ - INFO - Target: 00:05:46, RPC: $3.535
2025-04-02 19:15:16,307 - __main__ - INFO - Target: 00:02:14, RPC: $1.085
2025-04-02 19:15:16,307 - __main__ - INFO - Target: 00:03:35, RPC: $1.575
2025-04-02 19:15:16,307 - __main__ - INFO - Target: 00:08:05, RPC: $2.975
2025-04-02 19:15:16,307 - __main__ - INFO - Target: 00:05:19, RPC: $1.82
2025-04-02 19:15:16,307 - __main__ - INFO - Target: 00:33:54, RPC: $9.66
2025-04-02 19:15:16,307 - __main__ - INFO - Target: 00:10:19, RPC: $3.045
2025-04-02 19:15:16,308 - __main__ - INFO - Target: 00:12:26, RPC: $3.64
2025-04-02 19:15:16,308 - __main__ - INFO - Target: 00:02:01, RPC: $0.665
2025-04-02 19:15:16,308 - __main__ - INFO - Target: 00:00:46, RPC: $0.175
2025-04-02 19:15:16,308 - __main__ - INFO - Target: 00:01:50, RPC: $0.35
2025-04-02 19:15:16,308 - __main__ - INFO - Target: 00:01:28, RPC: $0.28
2025-04-02 19:15:16,308 - __main__ - INFO - Target: 00:08:02, RPC: $0.91
2025-04-02 19:15:16,308 - __main__ - INFO - Target: 00:05:42, RPC: $0.42
2025-04-02 19:15:16,308 - __main__ - INFO - Target: 00:01:07, RPC: $0.105
2025-04-02 19:15:16,308 - __main__ - INFO - Target: 00:01:35, RPC: $0.14
2025-04-02 19:15:16,308 - __main__ - INFO - Target: 00:03:14, RPC: $0.14
2025-04-02 19:15:16,308 - __main__ - INFO - Target: 00:13:02, RPC: $0.49
2025-04-02 19:15:16,308 - __main__ - INFO - Target: 00:00:37, RPC: $0.035
2025-04-02 19:15:16,308 - __main__ - INFO - Target: 00:02:05, RPC: $0.105
2025-04-02 19:15:16,308 - __main__ - INFO - Target: 00:00:08, RPC: $0.035
2025-04-02 19:15:16,308 - __main__ - INFO - Target: 00:00:21, RPC: $0.035
2025-04-02 19:15:16,308 - __main__ - INFO - Target: 00:09:04, RPC: $1417.43
2025-04-02 19:15:16,309 - __main__ - INFO - Target: Page, RPC: $19.84
2025-04-02 19:15:16,309 - __main__ - INFO - Target: 00:03:51, RPC: $19.84
2025-04-02 19:15:16,309 - __main__ - INFO - Target: 00:02:26, RPC: $33
2025-04-02 19:15:16,309 - __main__ - INFO - Target: 00:04:46, RPC: $33
2025-04-02 19:15:16,309 - __main__ - INFO - Target: 00:16:03, RPC: $21
2025-04-02 19:15:16,309 - __main__ - INFO - Target: 00:12:19, RPC: $19.84
2025-04-02 19:15:16,309 - __main__ - INFO - Target: 00:04:50, RPC: $33
2025-04-02 19:15:16,309 - __main__ - INFO - Target: 00:13:14, RPC: $21
2025-04-02 19:15:16,309 - __main__ - INFO - Target: 00:06:12, RPC: $8.2
2025-04-02 19:15:16,309 - __main__ - INFO - Target: 00:05:53, RPC: $6.56
2025-04-02 19:15:16,309 - __main__ - INFO - Target: 00:09:15, RPC: $21
2025-04-02 19:15:16,309 - __main__ - INFO - Target: 00:05:39, RPC: $19.84
2025-04-02 19:15:16,373 - __main__ - INFO - Sending Slack notification for 35 low RPC values
2025-04-02 19:15:16,374 - urllib3.connectionpool - DEBUG - Starting new HTTPS connection (1): hooks.slack.com:443
2025-04-02 19:15:17,221 - urllib3.connectionpool - DEBUG - https://hooks.slack.com:443 "POST /services/T02K02ABT0F/B08HM3MSRK7/TRQvPf4OHsVO0Ms7kTFTRulj HTTP/1.1" 200 2
2025-04-02 19:15:17,221 - __main__ - INFO - Slack notification sent successfully
2025-04-02 19:15:17,222 - __main__ - INFO - RPC check completed successfully
2025-04-02 19:25:51,549 - __main__ - INFO - Scheduled check at 11:00 AM ET (local time: 11:00)
2025-04-02 19:25:51,549 - __main__ - INFO - Scheduled check at 2:00 PM ET (local time: 14:00)
2025-04-02 19:25:51,549 - __main__ - INFO - Scheduled check at 4:00 PM ET (local time: 16:00)
2025-04-02 19:25:51,550 - __main__ - INFO - Scheduled check triggered
2025-04-02 19:25:51,550 - asyncio - DEBUG - Using proactor: IocpProactor
2025-04-02 19:25:51,550 - __main__ - INFO - Starting RPC check...
2025-04-02 19:25:51,594 - __main__ - INFO - Starting Playwright...
2025-04-02 19:25:51,962 - __main__ - INFO - Playwright browser setup complete
2025-04-02 19:25:51,962 - __main__ - INFO - Logging in to Ringba...
2025-04-02 19:25:51,962 - __main__ - INFO - Navigating to Ringba main page...
2025-04-02 19:25:58,723 - __main__ - INFO - Found login button with selector: a:has-text('Login')
2025-04-02 19:25:58,965 - __main__ - INFO - Clicked login button on main page
2025-04-02 19:26:01,029 - __main__ - INFO - Looking for email field...
2025-04-02 19:26:01,041 - __main__ - INFO - Found email field with selector: input[type='email']
2025-04-02 19:26:01,066 - __main__ - INFO - Looking for password field...
2025-04-02 19:26:01,113 - __main__ - INFO - Looking for login button...
2025-04-02 19:26:01,166 - __main__ - INFO - Clicked login button
2025-04-02 19:26:01,166 - __main__ - INFO - Waiting for dashboard to load...
2025-04-02 19:26:02,652 - __main__ - INFO - Successfully logged in to Ringba
2025-04-02 19:26:02,652 - __main__ - INFO - Navigating to Reporting tab...
2025-04-02 19:26:02,655 - __main__ - INFO - Navigating directly to call-logs/report/new page
2025-04-02 19:26:12,756 - __main__ - INFO - Saved screenshot after navigating to Reporting
2025-04-02 19:26:17,764 - __main__ - WARNING - Could not find Summary section: Page.wait_for_selector: Timeout 5000ms exceeded.
Call log:
  - waiting for locator("text=Summary") to be visible
  -     14 × locator resolved to 2 elements. Proceeding with the first one: <a href="#/dashboard/ringtreetargets/summary" ui-sref="dashboard.ringtreetargetdashboard" translate="MENU_LEFT_PINGTREE_TARGET_DASHBOARD">Summary</a>

2025-04-02 19:26:22,767 - __main__ - INFO - Extracting Target and RPC data...
2025-04-02 19:26:22,767 - __main__ - INFO - Waiting for table to load...
2025-04-02 19:26:37,872 - __main__ - INFO - Saved screenshot of reporting page for debugging
2025-04-02 19:26:37,872 - __main__ - INFO - Extracting data with JavaScript...
2025-04-02 19:26:37,876 - __main__ - WARNING - No data extracted from table
2025-04-02 19:26:37,876 - __main__ - INFO - Trying alternative extraction method...
2025-04-02 19:26:37,879 - __main__ - ERROR - No data extracted. Aborting check.
2025-04-02 19:30:37,313 - __main__ - INFO - Scheduled check at 11:00 AM ET (local time: 11:00)
2025-04-02 19:30:37,314 - __main__ - INFO - Scheduled check at 2:00 PM ET (local time: 14:00)
2025-04-02 19:30:37,314 - __main__ - INFO - Scheduled check at 4:00 PM ET (local time: 16:00)
2025-04-02 19:30:37,314 - __main__ - INFO - Scheduled check triggered
2025-04-02 19:30:37,314 - asyncio - DEBUG - Using proactor: IocpProactor
2025-04-02 19:30:37,315 - __main__ - INFO - Starting RPC check...
2025-04-02 19:30:37,356 - __main__ - INFO - Starting Playwright...
2025-04-02 19:30:37,709 - __main__ - INFO - Playwright browser setup complete
2025-04-02 19:30:37,709 - __main__ - INFO - Logging in to Ringba...
2025-04-02 19:30:37,709 - __main__ - INFO - Navigating to Ringba main page...
2025-04-02 19:30:41,674 - __main__ - INFO - Found login button with selector: a:has-text('Login')
2025-04-02 19:30:41,885 - __main__ - INFO - Clicked login button on main page
2025-04-02 19:30:44,462 - __main__ - INFO - Looking for email field...
2025-04-02 19:30:44,474 - __main__ - INFO - Found email field with selector: input[type='email']
2025-04-02 19:30:44,520 - __main__ - INFO - Looking for password field...
2025-04-02 19:30:44,569 - __main__ - INFO - Looking for login button...
2025-04-02 19:30:44,620 - __main__ - INFO - Clicked login button
2025-04-02 19:30:44,620 - __main__ - INFO - Waiting for dashboard to load...
2025-04-02 19:30:46,740 - __main__ - INFO - Successfully logged in to Ringba
2025-04-02 19:30:46,740 - __main__ - INFO - Navigating to Reporting tab...
2025-04-02 19:30:46,744 - __main__ - INFO - Navigating directly to call-logs/report/new page
2025-04-02 19:30:56,845 - __main__ - INFO - Saved screenshot after navigating to Reporting
2025-04-02 19:31:01,849 - __main__ - WARNING - Could not find Summary section: Page.wait_for_selector: Timeout 5000ms exceeded.
Call log:
  - waiting for locator("text=Summary") to be visible
  -     14 × locator resolved to 2 elements. Proceeding with the first one: <a href="#/dashboard/ringtreetargets/summary" ui-sref="dashboard.ringtreetargetdashboard" translate="MENU_LEFT_PINGTREE_TARGET_DASHBOARD">Summary</a>

2025-04-02 19:31:06,863 - __main__ - INFO - Extracting Target and RPC data...
2025-04-02 19:31:06,864 - __main__ - INFO - Waiting for table to load...
2025-04-02 19:31:21,978 - __main__ - INFO - Saved screenshot of reporting page for debugging
2025-04-02 19:31:21,978 - __main__ - INFO - Extracting data with JavaScript...
2025-04-02 19:31:21,991 - __main__ - WARNING - No data extracted from table
2025-04-02 19:31:21,991 - __main__ - ERROR - No data extracted. Aborting check.
2025-04-02 19:33:46,872 - __main__ - INFO - Scheduled check at 11:00 AM ET (local time: 11:00)
2025-04-02 19:33:46,872 - __main__ - INFO - Scheduled check at 2:00 PM ET (local time: 14:00)
2025-04-02 19:33:46,872 - __main__ - INFO - Scheduled check at 4:00 PM ET (local time: 16:00)
2025-04-02 19:33:46,872 - __main__ - INFO - Scheduled check triggered
2025-04-02 19:33:46,872 - asyncio - DEBUG - Using proactor: IocpProactor
2025-04-02 19:33:46,873 - __main__ - INFO - Starting RPC check...
2025-04-02 19:33:46,914 - __main__ - INFO - Starting Playwright...
2025-04-02 19:33:47,272 - __main__ - INFO - Playwright browser setup complete
2025-04-02 19:33:47,272 - __main__ - INFO - Logging in to Ringba...
2025-04-02 19:33:47,272 - __main__ - INFO - Navigating to Ringba main page...
2025-04-02 19:33:51,404 - __main__ - INFO - Found login button with selector: a:has-text('Login')
2025-04-02 19:33:51,595 - __main__ - INFO - Clicked login button on main page
2025-04-02 19:33:53,793 - __main__ - INFO - Looking for email field...
2025-04-02 19:33:53,804 - __main__ - INFO - Found email field with selector: input[type='email']
2025-04-02 19:33:53,830 - __main__ - INFO - Looking for password field...
2025-04-02 19:33:53,878 - __main__ - INFO - Looking for login button...
2025-04-02 19:33:53,929 - __main__ - INFO - Clicked login button
2025-04-02 19:33:53,929 - __main__ - INFO - Waiting for dashboard to load...
2025-04-02 19:33:55,300 - __main__ - INFO - Successfully logged in to Ringba
2025-04-02 19:33:55,301 - __main__ - INFO - Navigating to Reporting tab...
2025-04-02 19:33:55,317 - __main__ - INFO - Navigating directly to call-logs/report/new page
2025-04-02 19:34:05,422 - __main__ - INFO - Saved screenshot after navigating to Reporting
2025-04-02 19:34:10,432 - __main__ - WARNING - Could not find Summary section: Page.wait_for_selector: Timeout 5000ms exceeded.
Call log:
  - waiting for locator("text=Summary") to be visible
  -     14 × locator resolved to 2 elements. Proceeding with the first one: <a href="#/dashboard/ringtreetargets/summary" ui-sref="dashboard.ringtreetargetdashboard" translate="MENU_LEFT_PINGTREE_TARGET_DASHBOARD">Summary</a>

2025-04-02 19:34:15,441 - __main__ - INFO - Extracting Target and RPC data...
2025-04-02 19:34:15,442 - __main__ - INFO - Waiting for table to load...
2025-04-02 19:34:30,552 - __main__ - INFO - Saved screenshot of reporting page for debugging
2025-04-02 19:34:30,552 - __main__ - INFO - Extracting data with JavaScript...
2025-04-02 19:34:30,567 - __main__ - WARNING - No data extracted from table
2025-04-02 19:34:30,567 - __main__ - ERROR - No data extracted. Aborting check.
2025-04-02 19:38:55,756 - __main__ - INFO - Scheduled check at 11:00 AM ET (local time: 11:00)
2025-04-02 19:38:55,756 - __main__ - INFO - Scheduled check at 2:00 PM ET (local time: 14:00)
2025-04-02 19:38:55,756 - __main__ - INFO - Scheduled check at 4:00 PM ET (local time: 16:00)
2025-04-02 19:38:55,757 - __main__ - INFO - Scheduled check triggered
2025-04-02 19:38:55,757 - asyncio - DEBUG - Using proactor: IocpProactor
2025-04-02 19:38:55,757 - __main__ - INFO - Starting RPC check...
2025-04-02 19:38:55,798 - __main__ - INFO - Starting Playwright...
2025-04-02 19:38:56,145 - __main__ - INFO - Playwright browser setup complete
2025-04-02 19:38:56,145 - __main__ - INFO - Logging in to Ringba...
2025-04-02 19:38:56,145 - __main__ - INFO - Navigating to Ringba main page...
2025-04-02 19:39:00,434 - __main__ - INFO - Found login button with selector: a:has-text('Login')
2025-04-02 19:39:00,792 - __main__ - INFO - Clicked login button on main page
2025-04-02 19:39:03,672 - __main__ - INFO - Looking for email field...
2025-04-02 19:39:03,682 - __main__ - INFO - Found email field with selector: input[type='email']
2025-04-02 19:39:03,716 - __main__ - INFO - Looking for password field...
2025-04-02 19:39:03,765 - __main__ - INFO - Looking for login button...
2025-04-02 19:39:03,817 - __main__ - INFO - Clicked login button
2025-04-02 19:39:03,817 - __main__ - INFO - Waiting for dashboard to load...
2025-04-02 19:39:05,306 - __main__ - INFO - Successfully logged in to Ringba
2025-04-02 19:39:05,306 - __main__ - INFO - Navigating to Reporting tab...
2025-04-02 19:39:05,309 - __main__ - INFO - Navigating directly to call-logs/report/new page
2025-04-02 19:39:15,412 - __main__ - INFO - Saved screenshot after navigating to Reporting
2025-04-02 19:39:20,427 - __main__ - WARNING - Could not find Summary section: Page.wait_for_selector: Timeout 5000ms exceeded.
Call log:
  - waiting for locator("text=Summary") to be visible
  -     14 × locator resolved to 2 elements. Proceeding with the first one: <a href="#/dashboard/ringtreetargets/summary" ui-sref="dashboard.ringtreetargetdashboard" translate="MENU_LEFT_PINGTREE_TARGET_DASHBOARD">Summary</a>

2025-04-02 19:39:25,434 - __main__ - WARNING - Could not find or click Table tab: Page.wait_for_selector: Timeout 5000ms exceeded.
Call log:
  - waiting for locator("text=Table") to be visible

2025-04-02 19:39:25,435 - __main__ - INFO - Extracting Target and RPC data...
2025-04-02 19:39:25,435 - __main__ - INFO - Waiting for table to load...
2025-04-02 19:39:40,540 - __main__ - INFO - Saved screenshot of reporting page for debugging
2025-04-02 19:39:40,541 - __main__ - INFO - Extracting data with JavaScript...
2025-04-02 19:39:40,555 - __main__ - WARNING - No data extracted from table
2025-04-02 19:39:40,555 - __main__ - ERROR - No data extracted. Aborting check.
2025-04-02 19:42:07,403 - __main__ - INFO - Scheduled check at 11:00 AM ET (local time: 11:00)
2025-04-02 19:42:07,403 - __main__ - INFO - Scheduled check at 2:00 PM ET (local time: 14:00)
2025-04-02 19:42:07,404 - __main__ - INFO - Scheduled check at 4:00 PM ET (local time: 16:00)
2025-04-02 19:42:07,404 - __main__ - INFO - Scheduled check triggered
2025-04-02 19:42:07,404 - asyncio - DEBUG - Using proactor: IocpProactor
2025-04-02 19:42:07,405 - __main__ - INFO - Starting RPC check...
2025-04-02 19:42:07,445 - __main__ - INFO - Starting Playwright...
2025-04-02 19:42:07,820 - __main__ - INFO - Playwright browser setup complete
2025-04-02 19:42:07,820 - __main__ - INFO - Logging in to Ringba...
2025-04-02 19:42:07,820 - __main__ - INFO - Navigating to Ringba main page...
2025-04-02 19:42:12,588 - __main__ - INFO - Found login button with selector: a:has-text('Login')
2025-04-02 19:42:12,842 - __main__ - INFO - Clicked login button on main page
2025-04-02 19:42:15,487 - __main__ - INFO - Looking for email field...
2025-04-02 19:42:15,499 - __main__ - INFO - Found email field with selector: input[type='email']
2025-04-02 19:42:15,543 - __main__ - INFO - Looking for password field...
2025-04-02 19:42:15,592 - __main__ - INFO - Looking for login button...
2025-04-02 19:42:15,643 - __main__ - INFO - Clicked login button
2025-04-02 19:42:15,643 - __main__ - INFO - Waiting for dashboard to load...
2025-04-02 19:42:17,105 - __main__ - INFO - Successfully logged in to Ringba
2025-04-02 19:42:17,105 - __main__ - INFO - Navigating to Reporting tab...
2025-04-02 19:42:17,108 - __main__ - INFO - Navigating directly to call-logs/report/new page
2025-04-02 19:42:27,202 - __main__ - INFO - Saved screenshot after navigating to Reporting
2025-04-02 19:42:32,213 - __main__ - WARNING - Could not find or click Apply button: Page.wait_for_selector: Timeout 5000ms exceeded.
Call log:
  - waiting for locator("button:has-text('Apply')") to be visible
  -     15 × locator resolved to hidden <button type="button" disabled="disabled" class="applyBtn btn btn-sm btn-primary">Apply</button>

2025-04-02 19:42:48,385 - __main__ - INFO - Saved screenshot after report page interactions
2025-04-02 19:42:48,385 - __main__ - INFO - Extracting Target and RPC data...
2025-04-02 19:42:48,385 - __main__ - INFO - Waiting for table to load...
2025-04-02 19:43:03,566 - __main__ - INFO - Saved screenshot of reporting page for debugging
2025-04-02 19:43:03,566 - __main__ - INFO - Extracting data with JavaScript...
2025-04-02 19:43:03,605 - __main__ - WARNING - No data extracted from table
2025-04-02 19:43:03,606 - __main__ - ERROR - No data extracted. Aborting check.
2025-04-02 19:46:26,675 - __main__ - INFO - Scheduled check at 11:00 AM ET (local time: 11:00)
2025-04-02 19:46:26,675 - __main__ - INFO - Scheduled check at 2:00 PM ET (local time: 14:00)
2025-04-02 19:46:26,675 - __main__ - INFO - Scheduled check at 4:00 PM ET (local time: 16:00)
2025-04-02 19:46:26,676 - __main__ - INFO - Scheduled check triggered
2025-04-02 19:46:26,676 - asyncio - DEBUG - Using proactor: IocpProactor
2025-04-02 19:46:26,676 - __main__ - INFO - Starting RPC check...
2025-04-02 19:46:26,717 - __main__ - INFO - Starting Playwright...
2025-04-02 19:46:27,089 - __main__ - INFO - Playwright browser setup complete
2025-04-02 19:46:27,089 - __main__ - INFO - Logging in to Ringba...
2025-04-02 19:46:27,089 - __main__ - INFO - Navigating to Ringba main page...
2025-04-02 19:46:31,182 - __main__ - INFO - Found login button with selector: a:has-text('Login')
2025-04-02 19:46:31,379 - __main__ - INFO - Clicked login button on main page
2025-04-02 19:46:33,773 - __main__ - INFO - Looking for email field...
2025-04-02 19:46:33,784 - __main__ - INFO - Found email field with selector: input[type='email']
2025-04-02 19:46:33,816 - __main__ - INFO - Looking for password field...
2025-04-02 19:46:33,863 - __main__ - INFO - Looking for login button...
2025-04-02 19:46:33,917 - __main__ - INFO - Clicked login button
2025-04-02 19:46:33,917 - __main__ - INFO - Waiting for dashboard to load...
2025-04-02 19:46:35,351 - __main__ - INFO - Successfully logged in to Ringba
2025-04-02 19:46:35,352 - __main__ - INFO - Navigating to Reporting tab...
2025-04-02 19:46:35,355 - __main__ - INFO - Navigating directly to call-logs/report/new page
2025-04-02 19:46:45,459 - __main__ - INFO - Saved screenshot after navigating to Reporting
2025-04-02 19:46:50,468 - __main__ - WARNING - Could not find or click Apply button: Page.wait_for_selector: Timeout 5000ms exceeded.
Call log:
  - waiting for locator("button:has-text('Apply')") to be visible
  -     15 × locator resolved to hidden <button type="button" disabled="disabled" class="applyBtn btn btn-sm btn-primary">Apply</button>

2025-04-02 19:47:06,606 - __main__ - INFO - Saved screenshot after report page interactions
2025-04-02 19:47:06,607 - __main__ - INFO - Extracting Target and RPC data (simplified approach)...
2025-04-02 19:47:06,607 - __main__ - INFO - Waiting for table to load...
2025-04-02 19:47:21,706 - __main__ - INFO - Saved screenshot of reporting page for debugging
2025-04-02 19:47:21,710 - __main__ - WARNING - No data extracted from table
2025-04-02 19:47:21,710 - __main__ - ERROR - No data extracted. Aborting check.
2025-04-02 19:59:16,968 - __main__ - INFO - Scheduled check at 11:00 AM ET (local time: 11:00)
2025-04-02 19:59:16,968 - __main__ - INFO - Scheduled check at 2:00 PM ET (local time: 14:00)
2025-04-02 19:59:16,968 - __main__ - INFO - Scheduled check at 4:00 PM ET (local time: 16:00)
2025-04-02 19:59:16,968 - __main__ - INFO - Scheduled check triggered
2025-04-02 19:59:16,968 - asyncio - DEBUG - Using proactor: IocpProactor
2025-04-02 19:59:16,969 - __main__ - INFO - Starting RPC check...
2025-04-02 19:59:16,969 - __main__ - INFO - Starting Playwright...
2025-04-02 19:59:17,341 - __main__ - INFO - Playwright browser setup complete
2025-04-02 19:59:17,342 - __main__ - INFO - Logging in to Ringba...
2025-04-02 19:59:17,342 - __main__ - INFO - Navigating to Ringba main page...
2025-04-02 19:59:24,833 - __main__ - INFO - Found login button with selector: a:has-text('Login')
2025-04-02 19:59:25,084 - __main__ - INFO - Clicked login button on main page
2025-04-02 19:59:27,788 - __main__ - INFO - Looking for email field...
2025-04-02 19:59:27,799 - __main__ - INFO - Found email field with selector: input[type='email']
2025-04-02 19:59:27,836 - __main__ - INFO - Looking for password field...
2025-04-02 19:59:27,884 - __main__ - INFO - Looking for login button...
2025-04-02 19:59:27,936 - __main__ - INFO - Clicked login button
2025-04-02 19:59:27,936 - __main__ - INFO - Waiting for dashboard to load...
2025-04-02 19:59:29,398 - __main__ - INFO - Successfully logged in to Ringba
2025-04-02 19:59:29,398 - __main__ - INFO - Navigating to Reporting tab...
2025-04-02 19:59:29,401 - __main__ - INFO - Navigating directly to call-logs/report/new page
2025-04-02 19:59:39,510 - __main__ - INFO - Saved screenshot after navigating to Reporting
2025-04-02 19:59:44,523 - __main__ - WARNING - Could not find or click Apply button: Page.wait_for_selector: Timeout 5000ms exceeded.
Call log:
  - waiting for locator("button:has-text('Apply')") to be visible
  -     15 × locator resolved to hidden <button type="button" disabled="disabled" class="applyBtn btn btn-sm btn-primary">Apply</button>

2025-04-02 20:00:00,699 - __main__ - INFO - Saved screenshot after report page interactions
2025-04-02 20:00:00,699 - __main__ - INFO - Looking for EXPORT CSV button...
2025-04-02 20:00:00,794 - __main__ - INFO - Trying to find export button with selector: button:has-text('EXPORT CSV')
2025-04-02 20:00:00,800 - __main__ - INFO - Found export button with selector: button:has-text('EXPORT CSV')
2025-04-02 20:00:00,801 - __main__ - INFO - Setting up download handler
2025-04-02 20:00:00,895 - __main__ - INFO - Clicked EXPORT CSV button
2025-04-02 20:00:00,895 - __main__ - INFO - Download started: call-summary.csv
2025-04-02 20:00:01,193 - __main__ - INFO - Downloaded CSV to: C:\Users\Alan Leyva\Documents\Atlas\John\ringba-bot\downloads\call-summary.csv
2025-04-02 20:00:01,193 - __main__ - INFO - Reading CSV data from: C:\Users\Alan Leyva\Documents\Atlas\John\ringba-bot\downloads\call-summary.csv
2025-04-02 20:00:01,207 - __main__ - INFO - CSV loaded with 50 rows and columns: Target, Incoming, Live, Completed, Ended, Connected, Paid, Converted, No Connect, Duplicate, Blocked, IVR Hangup, RPC, Revenue, Payout, Profit, Margin, Conversion %, TCL, ACL, Total Cost
2025-04-02 20:00:01,207 - __main__ - INFO - Using columns: Target='Target', RPC='RPC'
2025-04-02 20:00:01,209 - __main__ - INFO - Extracted 49 rows of Target and RPC data from CSV
2025-04-02 20:00:01,210 - __main__ - INFO - CSV Row 0: Target: -no value-, RPC: $0.0
2025-04-02 20:00:01,210 - __main__ - INFO - CSV Row 1: Target: Leads Mogul - Medicare (English) - RTT - T2, RPC: $15.07258064516129
2025-04-02 20:00:01,210 - __main__ - INFO - CSV Row 2: Target: Leads Mogul - Medicare (English) - RTT - T1, RPC: $14.472413793103447
2025-04-02 20:00:01,210 - __main__ - INFO - CSV Row 3: Target: DMS - Medicare (English), RPC: $15.326086956521738
2025-04-02 20:00:01,210 - __main__ - INFO - CSV Row 4: Target: EXACT - Medicare (English) RTT - 4, RPC: $16.830827067669173
2025-04-02 20:00:01,285 - __main__ - INFO - Sending Slack notification for 30 low RPC values
2025-04-02 20:00:01,287 - urllib3.connectionpool - DEBUG - Starting new HTTPS connection (1): hooks.slack.com:443
2025-04-02 20:00:02,046 - urllib3.connectionpool - DEBUG - https://hooks.slack.com:443 "POST /services/T02K02ABT0F/B08HM3MSRK7/TRQvPf4OHsVO0Ms7kTFTRulj HTTP/1.1" 200 2
2025-04-02 20:00:02,047 - __main__ - INFO - Slack notification sent successfully
2025-04-02 20:00:02,048 - __main__ - INFO - RPC check completed successfully
